0 info it worked if it ends with ok
1 verbose cli [ '/home/xiongyijie/.nvm/versions/node/v0.12.6/bin/node',
1 verbose cli   '/home/xiongyijie/.nvm/versions/node/v0.12.6/bin/npm',
1 verbose cli   'install',
1 verbose cli   'eslint' ]
2 info using npm@2.11.2
3 info using node@v0.12.6
4 verbose install initial load of /opt/galaxy/package.json
5 verbose installManyTop reading scoped package data from /opt/galaxy/node_modules/babel/package.json
6 verbose installManyTop reading scoped package data from /opt/galaxy/node_modules/babel-core/package.json
7 verbose installManyTop reading scoped package data from /opt/galaxy/node_modules/babel-loader/package.json
8 verbose installManyTop reading scoped package data from /opt/galaxy/node_modules/css-loader/package.json
9 verbose installManyTop reading scoped package data from /opt/galaxy/node_modules/eslint/package.json
10 verbose installManyTop reading scoped package data from /opt/galaxy/node_modules/eslint-loader/package.json
11 verbose installManyTop reading scoped package data from /opt/galaxy/node_modules/eslint-plugin-react/package.json
12 verbose installManyTop reading scoped package data from /opt/galaxy/node_modules/file-loader/package.json
13 verbose installManyTop reading scoped package data from /opt/galaxy/node_modules/grunt/package.json
14 verbose installManyTop reading scoped package data from /opt/galaxy/node_modules/grunt-contrib-clean/package.json
15 verbose installManyTop reading scoped package data from /opt/galaxy/node_modules/grunt-contrib-connect/package.json
16 verbose installManyTop reading scoped package data from /opt/galaxy/node_modules/grunt-contrib-copy/package.json
17 verbose installManyTop reading scoped package data from /opt/galaxy/node_modules/grunt-karma/package.json
18 verbose installManyTop reading scoped package data from /opt/galaxy/node_modules/grunt-open/package.json
19 verbose installManyTop reading scoped package data from /opt/galaxy/node_modules/grunt-webpack/package.json
20 verbose installManyTop reading scoped package data from /opt/galaxy/node_modules/jasmine-core/package.json
21 verbose installManyTop reading scoped package data from /opt/galaxy/node_modules/karma/package.json
22 verbose installManyTop reading scoped package data from /opt/galaxy/node_modules/karma-jasmine/package.json
23 verbose installManyTop reading scoped package data from /opt/galaxy/node_modules/karma-phantomjs-launcher/package.json
24 verbose installManyTop reading scoped package data from /opt/galaxy/node_modules/karma-script-launcher/package.json
25 verbose installManyTop reading scoped package data from /opt/galaxy/node_modules/karma-webpack/package.json
26 verbose installManyTop reading scoped package data from /opt/galaxy/node_modules/less/package.json
27 verbose installManyTop reading scoped package data from /opt/galaxy/node_modules/less-loader/package.json
28 verbose installManyTop reading scoped package data from /opt/galaxy/node_modules/load-grunt-tasks/package.json
29 verbose installManyTop reading scoped package data from /opt/galaxy/node_modules/normalize.css/package.json
30 verbose installManyTop reading scoped package data from /opt/galaxy/node_modules/react/package.json
31 verbose installManyTop reading scoped package data from /opt/galaxy/node_modules/react-hot-loader/package.json
32 verbose installManyTop reading scoped package data from /opt/galaxy/node_modules/react-router/package.json
33 verbose installManyTop reading scoped package data from /opt/galaxy/node_modules/reflux/package.json
34 verbose installManyTop reading scoped package data from /opt/galaxy/node_modules/style-loader/package.json
35 verbose installManyTop reading scoped package data from /opt/galaxy/node_modules/url-loader/package.json
36 verbose installManyTop reading scoped package data from /opt/galaxy/node_modules/webpack/package.json
37 verbose installManyTop reading scoped package data from /opt/galaxy/node_modules/webpack-dev-server/package.json
38 info package.json grunt@0.4.5 No license field.
39 info package.json karma-phantomjs-launcher@0.1.4 No README data
40 info package.json css-loader@0.9.1 No license field.
41 info package.json grunt-contrib-clean@0.6.0 No license field.
42 info package.json grunt-contrib-connect@0.8.0 No license field.
43 info package.json grunt-contrib-copy@0.5.0 No license field.
44 info package.json grunt-webpack@1.0.11 No license field.
45 info package.json grunt-open@0.2.3 No license field.
46 info package.json style-loader@0.8.3 No license field.
47 info package.json less-loader@2.2.0 No license field.
48 verbose readDependencies loading dependencies from /opt/galaxy/package.json
49 verbose install eslint is installed as 0.21.2
50 silly cache add args [ 'eslint', null ]
51 verbose cache add spec eslint
52 silly cache add parsed spec { raw: 'eslint',
52 silly cache add   scope: null,
52 silly cache add   name: 'eslint',
52 silly cache add   rawSpec: '',
52 silly cache add   spec: '*',
52 silly cache add   type: 'range' }
53 silly addNamed eslint@*
54 verbose addNamed "*" is a valid semver range for eslint
55 silly addNameRange { name: 'eslint', range: '*', hasData: false }
56 silly mapToRegistry name eslint
57 silly mapToRegistry using default registry
58 silly mapToRegistry registry http://npm.intra.knownsec.com:4873/
59 silly mapToRegistry uri http://npm.intra.knownsec.com:4873/eslint
60 verbose addNameRange registry:http://npm.intra.knownsec.com:4873/eslint not in flight; fetching
61 verbose request uri http://npm.intra.knownsec.com:4873/eslint
62 verbose request no auth needed
63 info attempt registry request try #1 at 10:51:39 PM
64 verbose request using bearer token for auth
65 verbose request id 4c13fc6c71b87cb9
66 verbose etag "631b83797fd002d365cebc16b904bf4b"
67 http request GET http://npm.intra.knownsec.com:4873/eslint
68 info retry will retry, error on last attempt: Error: getaddrinfo ENOTFOUND npm.intra.knownsec.com
69 info attempt registry request try #2 at 10:51:49 PM
70 verbose request using bearer token for auth
71 verbose etag "631b83797fd002d365cebc16b904bf4b"
72 http request GET http://npm.intra.knownsec.com:4873/eslint
73 info retry will retry, error on last attempt: Error: getaddrinfo ENOTFOUND npm.intra.knownsec.com
74 info attempt registry request try #3 at 10:52:49 PM
75 verbose request using bearer token for auth
76 verbose etag "631b83797fd002d365cebc16b904bf4b"
77 http request GET http://npm.intra.knownsec.com:4873/eslint
78 silly get cb [ 304, undefined ]
79 verbose etag http://npm.intra.knownsec.com:4873/eslint from cache
80 verbose get saving eslint to /home/xiongyijie/.npm/npm.intra.knownsec.com_4873/eslint/.cache.json
81 silly addNameRange number 2 { name: 'eslint', range: '*', hasData: true }
82 silly addNameRange versions [ 'eslint',
82 silly addNameRange   [ '0.0.4',
82 silly addNameRange     '0.0.5',
82 silly addNameRange     '0.0.6',
82 silly addNameRange     '0.0.7',
82 silly addNameRange     '0.1.0-dev',
82 silly addNameRange     '0.1.0',
82 silly addNameRange     '0.1.1',
82 silly addNameRange     '0.1.2',
82 silly addNameRange     '0.1.3',
82 silly addNameRange     '0.1.4',
82 silly addNameRange     '0.2.0',
82 silly addNameRange     '0.3.0',
82 silly addNameRange     '0.4.0',
82 silly addNameRange     '0.4.1',
82 silly addNameRange     '0.4.2',
82 silly addNameRange     '0.4.3',
82 silly addNameRange     '0.4.4',
82 silly addNameRange     '0.4.5',
82 silly addNameRange     '0.5.0',
82 silly addNameRange     '0.5.1',
82 silly addNameRange     '0.6.0',
82 silly addNameRange     '0.6.1',
82 silly addNameRange     '0.6.2',
82 silly addNameRange     '0.7.1',
82 silly addNameRange     '0.7.2',
82 silly addNameRange     '0.7.3',
82 silly addNameRange     '0.7.4',
82 silly addNameRange     '0.8.0',
82 silly addNameRange     '0.8.1',
82 silly addNameRange     '0.8.2',
82 silly addNameRange     '0.9.0',
82 silly addNameRange     '0.9.1',
82 silly addNameRange     '0.9.2',
82 silly addNameRange     '0.10.0-alpha',
82 silly addNameRange     '0.10.0-alpha.1',
82 silly addNameRange     '0.10.0-alpha.2',
82 silly addNameRange     '0.10.0',
82 silly addNameRange     '0.11.0-alpha.0',
82 silly addNameRange     '0.10.1',
82 silly addNameRange     '0.10.2',
82 silly addNameRange     '0.11.0',
82 silly addNameRange     '0.12.0',
82 silly addNameRange     '0.13.0',
82 silly addNameRange     '0.14.0',
82 silly addNameRange     '0.14.1',
82 silly addNameRange     '0.15.0',
82 silly addNameRange     '0.15.1',
82 silly addNameRange     '0.16.0',
82 silly addNameRange     '0.16.1',
82 silly addNameRange     '0.16.2',
82 silly addNameRange     '0.17.0',
82 silly addNameRange     '0.17.1',
82 silly addNameRange     '0.18.0',
82 silly addNameRange     '0.19.0',
82 silly addNameRange     '0.20.0',
82 silly addNameRange     '0.21.0',
82 silly addNameRange     '0.21.1',
82 silly addNameRange     '0.21.2',
82 silly addNameRange     '0.22.0',
82 silly addNameRange     '0.22.1',
82 silly addNameRange     '0.23.0',
82 silly addNameRange     '0.24.0',
82 silly addNameRange     '0.24.1',
82 silly addNameRange     '1.0.0-rc-1',
82 silly addNameRange     '1.0.0-rc-2',
82 silly addNameRange     '1.0.0-rc-3',
82 silly addNameRange     '1.0.0',
82 silly addNameRange     '1.1.0' ] ]
83 silly addNamed eslint@1.1.0
84 verbose addNamed "1.1.0" is a plain semver version for eslint
85 silly mapToRegistry name eslint
86 silly mapToRegistry using default registry
87 silly mapToRegistry registry http://npm.intra.knownsec.com:4873/
88 silly mapToRegistry uri http://npm.intra.knownsec.com:4873/eslint
89 verbose addRemoteTarball http://npm.intra.knownsec.com:4873/eslint/-/eslint-1.1.0.tgz not in flight; adding
90 verbose addRemoteTarball [ 'http://npm.intra.knownsec.com:4873/eslint/-/eslint-1.1.0.tgz',
90 verbose addRemoteTarball   '7c692419bea4d272c690676da5fa1205ca2bec4f' ]
91 info retry fetch attempt 1 at 10:52:49 PM
92 info attempt registry request try #1 at 10:52:49 PM
93 http fetch GET http://npm.intra.knownsec.com:4873/eslint/-/eslint-1.1.0.tgz
94 verbose request using bearer token for auth
95 info retry will retry, error on last attempt: Error: getaddrinfo ENOTFOUND npm.intra.knownsec.com
96 info attempt registry request try #2 at 10:52:59 PM
97 http fetch GET http://npm.intra.knownsec.com:4873/eslint/-/eslint-1.1.0.tgz
98 verbose request using bearer token for auth
99 info retry will retry, error on last attempt: Error: getaddrinfo ENOTFOUND npm.intra.knownsec.com
100 info attempt registry request try #3 at 10:53:59 PM
101 http fetch GET http://npm.intra.knownsec.com:4873/eslint/-/eslint-1.1.0.tgz
102 verbose request using bearer token for auth
103 error fetch failed http://npm.intra.knownsec.com:4873/eslint/-/eslint-1.1.0.tgz
104 warn retry will retry, error on last attempt: Error: getaddrinfo ENOTFOUND npm.intra.knownsec.com
105 info retry fetch attempt 2 at 10:54:09 PM
106 info attempt registry request try #1 at 10:54:09 PM
107 http fetch GET http://npm.intra.knownsec.com:4873/eslint/-/eslint-1.1.0.tgz
108 verbose request using bearer token for auth
109 info retry will retry, error on last attempt: Error: getaddrinfo ENOTFOUND npm.intra.knownsec.com
110 info attempt registry request try #2 at 10:54:19 PM
111 http fetch GET http://npm.intra.knownsec.com:4873/eslint/-/eslint-1.1.0.tgz
112 verbose request using bearer token for auth
113 info retry will retry, error on last attempt: Error: getaddrinfo ENOTFOUND npm.intra.knownsec.com
114 info attempt registry request try #3 at 10:55:19 PM
115 http fetch GET http://npm.intra.knownsec.com:4873/eslint/-/eslint-1.1.0.tgz
116 verbose request using bearer token for auth
117 error fetch failed http://npm.intra.knownsec.com:4873/eslint/-/eslint-1.1.0.tgz
118 warn retry will retry, error on last attempt: Error: getaddrinfo ENOTFOUND npm.intra.knownsec.com
119 info retry fetch attempt 3 at 10:56:19 PM
120 info attempt registry request try #1 at 10:56:19 PM
121 http fetch GET http://npm.intra.knownsec.com:4873/eslint/-/eslint-1.1.0.tgz
122 verbose request using bearer token for auth
123 info retry will retry, error on last attempt: Error: getaddrinfo ENOTFOUND npm.intra.knownsec.com
124 info attempt registry request try #2 at 10:56:29 PM
125 http fetch GET http://npm.intra.knownsec.com:4873/eslint/-/eslint-1.1.0.tgz
126 verbose request using bearer token for auth
127 info retry will retry, error on last attempt: Error: getaddrinfo ENOTFOUND npm.intra.knownsec.com
128 info attempt registry request try #3 at 10:57:30 PM
129 http fetch GET http://npm.intra.knownsec.com:4873/eslint/-/eslint-1.1.0.tgz
130 verbose request using bearer token for auth
131 error fetch failed http://npm.intra.knownsec.com:4873/eslint/-/eslint-1.1.0.tgz
132 verbose stack Error: getaddrinfo ENOTFOUND npm.intra.knownsec.com
132 verbose stack     at errnoException (dns.js:44:10)
132 verbose stack     at GetAddrInfoReqWrap.onlookup [as oncomplete] (dns.js:94:26)
133 verbose cwd /opt/galaxy
134 error Linux 3.13.0-55-generic
135 error argv "/home/xiongyijie/.nvm/versions/node/v0.12.6/bin/node" "/home/xiongyijie/.nvm/versions/node/v0.12.6/bin/npm" "install" "eslint"
136 error node v0.12.6
137 error npm  v2.11.2
138 error code ENOTFOUND
139 error errno ENOTFOUND
140 error syscall getaddrinfo
141 error network getaddrinfo ENOTFOUND npm.intra.knownsec.com
141 error network This is most likely not a problem with npm itself
141 error network and is related to network connectivity.
141 error network In most cases you are behind a proxy or have bad network settings.
141 error network
141 error network If you are behind a proxy, please make sure that the
141 error network 'proxy' config is set properly.  See: 'npm help config'
142 verbose exit [ 1, true ]
